app/build/outputs/mapping/civRelease/configuration.txt
# The proguard configuration file for the following section is bingmaps/app/proguard-gradle.txt
-dontskipnonpubliclibraryclasses
-dontshrink
-dontoptimize

############### ACRA specifics
# we need line numbers in our stack traces otherwise they are pretty useless
-renamesourcefileattribute SourceFile
-keepattributes SourceFile,LineNumberTable

-applymapping <atak.proguard.mapping>
-repackageclasses atakplugin.PluginTemplate

-keepattributes *Annotation*
-keepattributes Signature, InnerClasses


-keep class * implements android.os.Parcelable {
  public static final android.os.Parcelable$Creator *;
}

-keepclassmembers class **.R$* {
    public static <fields>;
}

# For enumeration classes, see http://proguard.sourceforge.net/manual/examples.html#enumerations
-keepclassmembers enum * {
    public static **[] values();
    public static ** valueOf(java.lang.String);
}



# Preserve all native method names and the names of their classes.
-keepclasseswithmembernames class * {
    native <methods>;
}

-keepclassmembers class * {
    @org.simpleframework.xml.* *;
}


# For enumeration classes, see http://proguard.sourceforge.net/manual/examples.html#enumerations
-keepclassmembers enum * {
    public static **[] values();
    public static ** valueOf(java.lang.String);
}



-keep class * extends transapps.maps.plugin.tool.Tool {
}
-keep class * implements transapps.maps.plugin.lifecycle.Lifecycle {
}

# overcome an existing bug in the gradle subsystem (3.5.x)
-keep class module-info


# End of content from bingmaps/app/proguard-gradle.txt
# The proguard configuration file for the following section is aapt_proguard_file/civRelease/aapt_rules.txt
-keep class com.atakmap.app.component { <init>(); }
-keep class com.atakmap.android.gui.PanEditTextPreference { <init>(...); }

-keep class com.atakmap.android.gui.PanListPreference { <init>(...); }

-keep class com.atakmap.android.gui.PanSwitchPreference { <init>(...); }

-keep class com.atakmap.android.gui.PluginSpinner { <init>(android.content.Context, android.util.AttributeSet); }


# End of content from aapt_proguard_file/civRelease/aapt_rules.txt
# The proguard configuration file for the following section is <unknown>
-ignorewarnings
# End of content from <unknown>