app/build/outputs/mapping/civRelease/mapping.txt
# compiler: R8
# compiler_version: 3.2.74
# min_api: 24
# common_typos_disable
# {"id":"com.android.tools.r8.mapping","version":"2.0"}
# pg_map_id: e9641f6
# pg_map_hash: SHA-256 e9641f6d4722599ea8aec58e1391f5d34f19bba0bcaa2ca5a7f699cf74bde841
com.atakmap.android.plugintemplate.plugin.BuildConfig -> atakplugin.PluginTemplate.d:
    java.lang.String VERSION_NAME -> f
    int VERSION_CODE -> e
    boolean DEBUG -> a
    java.lang.String BUILD_TYPE -> c
    java.lang.String APPLICATION_ID -> b
    java.lang.String FLAVOR -> d
    0:65535:void <init>():6:6 -> <init>
com.atakmap.android.plugintemplate.plugin.PluginNativeLoader -> atakplugin.PluginTemplate.e:
    java.lang.String TAG -> a
    java.lang.String ndl -> b
    0:65535:void <init>():10:10 -> <init>
    1:1:void init(android.content.Context):22:22 -> a
    2:3:void init(android.content.Context):24:25 -> a
    4:4:void init(android.content.Context):28:28 -> a
    5:5:void init(android.content.Context):33:33 -> a
    1:5:void loadLibrary(java.lang.String):43:47 -> b
    6:6:void loadLibrary(java.lang.String):50:50 -> b
com.atakmap.android.plugintemplate.plugin.PluginTemplateLifecycle -> com.atakmap.android.plugintemplate.plugin.PluginTemplateLifecycle:
    android.content.Context pluginContext -> a
    android.app.Activity activity -> d
    com.atakmap.android.maps.MapView mapView -> c
    java.util.Collection overlays -> b
    java.lang.String TAG -> e
    1:5:void <init>(android.content.Context):30:34 -> <init>
    1:2:void onConfigurationChanged(android.content.res.Configuration):39:40 -> onConfigurationChanged
    1:2:void onCreate(android.app.Activity,transapps.mapi.MapView):46:47 -> onCreate
    3:5:void onCreate(android.app.Activity,transapps.mapi.MapView):51:53 -> onCreate
    6:7:void onCreate(android.app.Activity,transapps.mapi.MapView):56:57 -> onCreate
    8:9:void onCreate(android.app.Activity,transapps.mapi.MapView):59:60 -> onCreate
    10:12:void onCreate(android.app.Activity,transapps.mapi.MapView):62:62 -> onCreate
    13:13:void onCreate(android.app.Activity,transapps.mapi.MapView):66:66 -> onCreate
    14:14:void onCreate(android.app.Activity,transapps.mapi.MapView):69:69 -> onCreate
    15:15:void onCreate(android.app.Activity,transapps.mapi.MapView):48:48 -> onCreate
    1:2:void onDestroy():76:77 -> onDestroy
    1:2:void onPause():87:88 -> onPause
    1:2:void onResume():93:94 -> onResume
    1:2:void onStart():99:100 -> onStart
    1:2:void onStop():105:106 -> onStop
com.atakmap.android.plugintemplate.plugin.PluginTemplateTool -> com.atakmap.android.plugintemplate.plugin.PluginTemplateTool:
    android.content.Context context -> a
    1:2:void <init>(android.content.Context):22:23 -> <init>
    0:65535:java.lang.String getDescription():28:28 -> getDescription
    0:65535:transapps.maps.plugin.tool.Group[] getGroups():39:39 -> getGroups
    1:2:android.graphics.drawable.Drawable getIcon():33:34 -> getIcon
    0:65535:java.lang.String getShortDescription():46:46 -> getShortDescription
    1:1:void onActivate(android.app.Activity,transapps.mapi.MapView,android.view.ViewGroup,android.os.Bundle,transapps.maps.plugin.tool.Tool$ToolCallback):62:62 -> onActivate
    2:2:void onActivate(android.app.Activity,transapps.mapi.MapView,android.view.ViewGroup,android.os.Bundle,transapps.maps.plugin.tool.Tool$ToolCallback):67:67 -> onActivate
    3:3:void onActivate(android.app.Activity,transapps.mapi.MapView,android.view.ViewGroup,android.os.Bundle,transapps.maps.plugin.tool.Tool$ToolCallback):69:69 -> onActivate
com.atakmap.android.plugintemplate.plugin.R -> com.atakmap.android.plugintemplate.plugin.a:
com.atakmap.android.plugintemplate.plugin.R$array -> com.atakmap.android.plugintemplate.plugin.a$a:
com.atakmap.android.plugintemplate.plugin.R$color -> com.atakmap.android.plugintemplate.plugin.a$b:
com.atakmap.android.plugintemplate.plugin.R$dimen -> com.atakmap.android.plugintemplate.plugin.a$c:
com.atakmap.android.plugintemplate.plugin.R$drawable -> com.atakmap.android.plugintemplate.plugin.a$d:
com.atakmap.android.plugintemplate.plugin.R$id -> com.atakmap.android.plugintemplate.plugin.a$e:
com.atakmap.android.plugintemplate.plugin.R$layout -> com.atakmap.android.plugintemplate.plugin.a$f:
...
com.atakmap.android.plugintemplate.PluginPreferencesFragment -> atakplugin.PluginTemplate.f:
    android.content.Context pluginContext -> e
    1:1:void <init>():30:30 -> <init>
    2:3:void <init>(android.content.Context):35:36 -> <init>
    0:65535:java.lang.String getSubTitle():46:46 -> getSubTitle
    0:65535:void onCreate(android.os.Bundle):41:41 -> onCreate
com.atakmap.android.plugintemplate.PluginTemplateDropDownReceiver -> atakplugin.PluginTemplate.g:
    android.content.Context pluginContext -> a
    com.atakmap.android.maps.MapView mapView -> c
    java.lang.String SHOW_PLUGIN -> i
    android.content.Context appContext -> b
    java.lang.String TAG -> h
    android.webkit.WebView htmlViewer -> d
    int currentDir -> f
    boolean mIsDropDownOpen -> g
    android.widget.LinearLayout ll_map -> e
    1:4:void <init>(com.atakmap.android.maps.MapView,android.content.Context):73:76 -> <init>
    5:5:void <init>(com.atakmap.android.maps.MapView,android.content.Context):78:78 -> <init>
    6:7:void <init>(com.atakmap.android.maps.MapView,android.content.Context):80:81 -> <init>
    8:10:void <init>(com.atakmap.android.maps.MapView,android.content.Context):84:86 -> <init>
    11:11:void <init>(com.atakmap.android.maps.MapView,android.content.Context):88:88 -> <init>
    12:21:void <init>(com.atakmap.android.maps.MapView,android.content.Context):94:103 -> <init>
    22:23:void <init>(com.atakmap.android.maps.MapView,android.content.Context):107:108 -> <init>
    24:24:void <init>(com.atakmap.android.maps.MapView,android.content.Context):110:110 -> <init>
    25:25:void <init>(com.atakmap.android.maps.MapView,android.content.Context):135:135 -> <init>
    26:27:void <init>(com.atakmap.android.maps.MapView,android.content.Context):137:138 -> <init>
com.atakmap.android.plugintemplate.PluginTemplateDropDownReceiver$1 -> atakplugin.PluginTemplate.g$a:
    android.content.Context val$context -> b
    com.atakmap.android.plugintemplate.PluginTemplateDropDownReceiver this$0 -> c
    long DownTime -> a
    long MAX_TOUCH_DURATION -> d
    0:65535:void <init>(com.atakmap.android.plugintemplate.PluginTemplateDropDownReceiver,android.content.Context):110:110 -> <init>
    1:1:boolean onTouch(android.view.View,android.view.MotionEvent):115:115 -> onTouch
    2:3:boolean onTouch(android.view.View,android.view.MotionEvent):120:121 -> onTouch
    4:5:boolean onTouch(android.view.View,android.view.MotionEvent):123:124 -> onTouch
    6:6:boolean onTouch(android.view.View,android.view.MotionEvent):117:117 -> onTouch
com.atakmap.android.plugintemplate.PluginTemplateDropDownReceiver$ChromeClient -> atakplugin.PluginTemplate.g$b:
    1:1:void <init>():216:216 -> <init>
    2:2:void <init>(com.atakmap.android.plugintemplate.PluginTemplateDropDownReceiver$1):216:216 -> <init>
    1:4:boolean onConsoleMessage(android.webkit.ConsoleMessage):219:219 -> onConsoleMessage
    5:5:boolean onConsoleMessage(android.webkit.ConsoleMessage):222:222 -> onConsoleMessage
    1:2:void onProgressChanged(android.webkit.WebView,int):227:228 -> onProgressChanged
com.atakmap.android.plugintemplate.PluginTemplateDropDownReceiver$Client -> atakplugin.PluginTemplate.g$c:
    0:65535:void <init>():141:141 -> <init>
    1:2:void onPageFinished(android.webkit.WebView,java.lang.String):157:158 -> onPageFinished
    1:2:void onPageStarted(android.webkit.WebView,java.lang.String,android.graphics.Bitmap):144:145 -> onPageStarted
    1:2:void onReceivedSslError(android.webkit.WebView,android.webkit.SslErrorHandler,android.net.http.SslError):211:212 -> onReceivedSslError
    1:2:boolean shouldOverrideUrlLoading(android.webkit.WebView,java.lang.String):150:151 -> shouldOverrideUrlLoading